<?xml version="1.0" encoding="UTF-8"?><testrun name="quickcheck" project="quickcheck" tests="6" started="6" failures="0" errors="4" ignored="0">
  <testsuite name="quickcheck.QuickCheckSuite" time="0.221">
    <testcase name="Binomial heap satisfies properties." classname="quickcheck.QuickCheckSuite" time="0.101"/>
    <testcase name="Bogus " classname="1" time="0.037">
      <error>org.scalatest.exceptions.TestFailedException: A bogus heap should NOT satisfy all properties. Try to find the bug!&#13;
	at org.scalatest.Assertions$class.newAssertionFailedException(Assertions.scala:318)&#13;
	at quickcheck.QuickCheckSuite.newAssertionFailedException(QuickCheckSuite.scala:18)&#13;
	at org.scalatest.Assertions$class.assert(Assertions.scala:337)&#13;
	at quickcheck.QuickCheckSuite.assert(QuickCheckSuite.scala:18)&#13;
	at quickcheck.QuickCheckSuite.checkBogus(QuickCheckSuite.scala:27)&#13;
	at quickcheck.QuickCheckSuite$$anonfun$2.apply$mcV$sp(QuickCheckSuite.scala:35)&#13;
	at quickcheck.QuickCheckSuite$$anonfun$2.apply(QuickCheckSuite.scala:35)&#13;
	at quickcheck.QuickCheckSuite$$anonfun$2.apply(QuickCheckSuite.scala:35)&#13;
	at org.scalatest.FunSuite$$anon$1.apply(FunSuite.scala:1265)&#13;
	at org.scalatest.Suite$class.withFixture(Suite.scala:1974)&#13;
	at quickcheck.QuickCheckSuite.withFixture(QuickCheckSuite.scala:18)&#13;
	at org.scalatest.FunSuite$class.invokeWithFixture$1(FunSuite.scala:1262)&#13;
	at org.scalatest.FunSuite$$anonfun$runTest$1.apply(FunSuite.scala:1271)&#13;
	at org.scalatest.FunSuite$$anonfun$runTest$1.apply(FunSuite.scala:1271)&#13;
	at org.scalatest.SuperEngine.runTestImpl(Engine.scala:198)&#13;
	at org.scalatest.FunSuite$class.runTest(FunSuite.scala:1271)&#13;
	at quickcheck.QuickCheckSuite.runTest(QuickCheckSuite.scala:18)&#13;
	at org.scalatest.FunSuite$$anonfun$runTests$1.apply(FunSuite.scala:1304)&#13;
	at org.scalatest.FunSuite$$anonfun$runTests$1.apply(FunSuite.scala:1304)&#13;
	at org.scalatest.SuperEngine$$anonfun$org$scalatest$SuperEngine$$runTestsInBranch$1.apply(Engine.scala:260)&#13;
	at org.scalatest.SuperEngine$$anonfun$org$scalatest$SuperEngine$$runTestsInBranch$1.apply(Engine.scala:249)&#13;
	at scala.collection.immutable.List.foreach(List.scala:318)&#13;
	at org.scalatest.SuperEngine.org$scalatest$SuperEngine$$runTestsInBranch(Engine.scala:249)&#13;
	at org.scalatest.SuperEngine.runTestsImpl(Engine.scala:326)&#13;
	at org.scalatest.FunSuite$class.runTests(FunSuite.scala:1304)&#13;
	at quickcheck.QuickCheckSuite.runTests(QuickCheckSuite.scala:18)&#13;
	at org.scalatest.Suite$class.run(Suite.scala:2303)&#13;
	at quickcheck.QuickCheckSuite.org$scalatest$FunSuite$$super$run(QuickCheckSuite.scala:18)&#13;
	at org.scalatest.FunSuite$$anonfun$run$1.apply(FunSuite.scala:1310)&#13;
	at org.scalatest.FunSuite$$anonfun$run$1.apply(FunSuite.scala:1310)&#13;
	at org.scalatest.SuperEngine.runImpl(Engine.scala:362)&#13;
	at org.scalatest.FunSuite$class.run(FunSuite.scala:1310)&#13;
	at quickcheck.QuickCheckSuite.run(QuickCheckSuite.scala:18)&#13;
	at org.scalatest.junit.JUnitRunner.run(JUnitRunner.scala:94)&#13;
	at org.eclipse.jdt.internal.junit4.runner.JUnit4TestReference.run(JUnit4TestReference.java:50)&#13;
	at org.eclipse.jdt.internal.junit.runner.TestExecution.run(TestExecution.java:38)&#13;
	at org.eclipse.jdt.internal.junit.runner.RemoteTestRunner.runTests(RemoteTestRunner.java:467)&#13;
	at org.eclipse.jdt.internal.junit.runner.RemoteTestRunner.runTests(RemoteTestRunner.java:683)&#13;
	at org.eclipse.jdt.internal.junit.runner.RemoteTestRunner.run(RemoteTestRunner.java:390)&#13;
	at org.eclipse.jdt.internal.junit.runner.RemoteTestRunner.main(RemoteTestRunner.java:197)&#13;
&#13;
</error>
    </testcase>
    <testcase name="Bogus " classname="2" time="0.014"/>
    <testcase name="Bogus " classname="3" time="0.024">
      <error>org.scalatest.exceptions.TestFailedException: A bogus heap should NOT satisfy all properties. Try to find the bug!&#13;
	at org.scalatest.Assertions$class.newAssertionFailedException(Assertions.scala:318)&#13;
	at quickcheck.QuickCheckSuite.newAssertionFailedException(QuickCheckSuite.scala:18)&#13;
	at org.scalatest.Assertions$class.assert(Assertions.scala:337)&#13;
	at quickcheck.QuickCheckSuite.assert(QuickCheckSuite.scala:18)&#13;
	at quickcheck.QuickCheckSuite.checkBogus(QuickCheckSuite.scala:27)&#13;
	at quickcheck.QuickCheckSuite$$anonfun$4.apply$mcV$sp(QuickCheckSuite.scala:43)&#13;
	at quickcheck.QuickCheckSuite$$anonfun$4.apply(QuickCheckSuite.scala:43)&#13;
	at quickcheck.QuickCheckSuite$$anonfun$4.apply(QuickCheckSuite.scala:43)&#13;
	at org.scalatest.FunSuite$$anon$1.apply(FunSuite.scala:1265)&#13;
	at org.scalatest.Suite$class.withFixture(Suite.scala:1974)&#13;
	at quickcheck.QuickCheckSuite.withFixture(QuickCheckSuite.scala:18)&#13;
	at org.scalatest.FunSuite$class.invokeWithFixture$1(FunSuite.scala:1262)&#13;
	at org.scalatest.FunSuite$$anonfun$runTest$1.apply(FunSuite.scala:1271)&#13;
	at org.scalatest.FunSuite$$anonfun$runTest$1.apply(FunSuite.scala:1271)&#13;
	at org.scalatest.SuperEngine.runTestImpl(Engine.scala:198)&#13;
	at org.scalatest.FunSuite$class.runTest(FunSuite.scala:1271)&#13;
	at quickcheck.QuickCheckSuite.runTest(QuickCheckSuite.scala:18)&#13;
	at org.scalatest.FunSuite$$anonfun$runTests$1.apply(FunSuite.scala:1304)&#13;
	at org.scalatest.FunSuite$$anonfun$runTests$1.apply(FunSuite.scala:1304)&#13;
	at org.scalatest.SuperEngine$$anonfun$org$scalatest$SuperEngine$$runTestsInBranch$1.apply(Engine.scala:260)&#13;
	at org.scalatest.SuperEngine$$anonfun$org$scalatest$SuperEngine$$runTestsInBranch$1.apply(Engine.scala:249)&#13;
	at scala.collection.immutable.List.foreach(List.scala:318)&#13;
	at org.scalatest.SuperEngine.org$scalatest$SuperEngine$$runTestsInBranch(Engine.scala:249)&#13;
	at org.scalatest.SuperEngine.runTestsImpl(Engine.scala:326)&#13;
	at org.scalatest.FunSuite$class.runTests(FunSuite.scala:1304)&#13;
	at quickcheck.QuickCheckSuite.runTests(QuickCheckSuite.scala:18)&#13;
	at org.scalatest.Suite$class.run(Suite.scala:2303)&#13;
	at quickcheck.QuickCheckSuite.org$scalatest$FunSuite$$super$run(QuickCheckSuite.scala:18)&#13;
	at org.scalatest.FunSuite$$anonfun$run$1.apply(FunSuite.scala:1310)&#13;
	at org.scalatest.FunSuite$$anonfun$run$1.apply(FunSuite.scala:1310)&#13;
	at org.scalatest.SuperEngine.runImpl(Engine.scala:362)&#13;
	at org.scalatest.FunSuite$class.run(FunSuite.scala:1310)&#13;
	at quickcheck.QuickCheckSuite.run(QuickCheckSuite.scala:18)&#13;
	at org.scalatest.junit.JUnitRunner.run(JUnitRunner.scala:94)&#13;
	at org.eclipse.jdt.internal.junit4.runner.JUnit4TestReference.run(JUnit4TestReference.java:50)&#13;
	at org.eclipse.jdt.internal.junit.runner.TestExecution.run(TestExecution.java:38)&#13;
	at org.eclipse.jdt.internal.junit.runner.RemoteTestRunner.runTests(RemoteTestRunner.java:467)&#13;
	at org.eclipse.jdt.internal.junit.runner.RemoteTestRunner.runTests(RemoteTestRunner.java:683)&#13;
	at org.eclipse.jdt.internal.junit.runner.RemoteTestRunner.run(RemoteTestRunner.java:390)&#13;
	at org.eclipse.jdt.internal.junit.runner.RemoteTestRunner.main(RemoteTestRunner.java:197)&#13;
&#13;
</error>
    </testcase>
    <testcase name="Bogus " classname="4" time="0.024">
      <error>org.scalatest.exceptions.TestFailedException: A bogus heap should NOT satisfy all properties. Try to find the bug!&#13;
	at org.scalatest.Assertions$class.newAssertionFailedException(Assertions.scala:318)&#13;
	at quickcheck.QuickCheckSuite.newAssertionFailedException(QuickCheckSuite.scala:18)&#13;
	at org.scalatest.Assertions$class.assert(Assertions.scala:337)&#13;
	at quickcheck.QuickCheckSuite.assert(QuickCheckSuite.scala:18)&#13;
	at quickcheck.QuickCheckSuite.checkBogus(QuickCheckSuite.scala:27)&#13;
	at quickcheck.QuickCheckSuite$$anonfun$5.apply$mcV$sp(QuickCheckSuite.scala:47)&#13;
	at quickcheck.QuickCheckSuite$$anonfun$5.apply(QuickCheckSuite.scala:47)&#13;
	at quickcheck.QuickCheckSuite$$anonfun$5.apply(QuickCheckSuite.scala:47)&#13;
	at org.scalatest.FunSuite$$anon$1.apply(FunSuite.scala:1265)&#13;
	at org.scalatest.Suite$class.withFixture(Suite.scala:1974)&#13;
	at quickcheck.QuickCheckSuite.withFixture(QuickCheckSuite.scala:18)&#13;
	at org.scalatest.FunSuite$class.invokeWithFixture$1(FunSuite.scala:1262)&#13;
	at org.scalatest.FunSuite$$anonfun$runTest$1.apply(FunSuite.scala:1271)&#13;
	at org.scalatest.FunSuite$$anonfun$runTest$1.apply(FunSuite.scala:1271)&#13;
	at org.scalatest.SuperEngine.runTestImpl(Engine.scala:198)&#13;
	at org.scalatest.FunSuite$class.runTest(FunSuite.scala:1271)&#13;
	at quickcheck.QuickCheckSuite.runTest(QuickCheckSuite.scala:18)&#13;
	at org.scalatest.FunSuite$$anonfun$runTests$1.apply(FunSuite.scala:1304)&#13;
	at org.scalatest.FunSuite$$anonfun$runTests$1.apply(FunSuite.scala:1304)&#13;
	at org.scalatest.SuperEngine$$anonfun$org$scalatest$SuperEngine$$runTestsInBranch$1.apply(Engine.scala:260)&#13;
	at org.scalatest.SuperEngine$$anonfun$org$scalatest$SuperEngine$$runTestsInBranch$1.apply(Engine.scala:249)&#13;
	at scala.collection.immutable.List.foreach(List.scala:318)&#13;
	at org.scalatest.SuperEngine.org$scalatest$SuperEngine$$runTestsInBranch(Engine.scala:249)&#13;
	at org.scalatest.SuperEngine.runTestsImpl(Engine.scala:326)&#13;
	at org.scalatest.FunSuite$class.runTests(FunSuite.scala:1304)&#13;
	at quickcheck.QuickCheckSuite.runTests(QuickCheckSuite.scala:18)&#13;
	at org.scalatest.Suite$class.run(Suite.scala:2303)&#13;
	at quickcheck.QuickCheckSuite.org$scalatest$FunSuite$$super$run(QuickCheckSuite.scala:18)&#13;
	at org.scalatest.FunSuite$$anonfun$run$1.apply(FunSuite.scala:1310)&#13;
	at org.scalatest.FunSuite$$anonfun$run$1.apply(FunSuite.scala:1310)&#13;
	at org.scalatest.SuperEngine.runImpl(Engine.scala:362)&#13;
	at org.scalatest.FunSuite$class.run(FunSuite.scala:1310)&#13;
	at quickcheck.QuickCheckSuite.run(QuickCheckSuite.scala:18)&#13;
	at org.scalatest.junit.JUnitRunner.run(JUnitRunner.scala:94)&#13;
	at org.eclipse.jdt.internal.junit4.runner.JUnit4TestReference.run(JUnit4TestReference.java:50)&#13;
	at org.eclipse.jdt.internal.junit.runner.TestExecution.run(TestExecution.java:38)&#13;
	at org.eclipse.jdt.internal.junit.runner.RemoteTestRunner.runTests(RemoteTestRunner.java:467)&#13;
	at org.eclipse.jdt.internal.junit.runner.RemoteTestRunner.runTests(RemoteTestRunner.java:683)&#13;
	at org.eclipse.jdt.internal.junit.runner.RemoteTestRunner.run(RemoteTestRunner.java:390)&#13;
	at org.eclipse.jdt.internal.junit.runner.RemoteTestRunner.main(RemoteTestRunner.java:197)&#13;
&#13;
</error>
    </testcase>
    <testcase name="Bogus " classname="5" time="0.021">
      <error>org.scalatest.exceptions.TestFailedException: A bogus heap should NOT satisfy all properties. Try to find the bug!&#13;
	at org.scalatest.Assertions$class.newAssertionFailedException(Assertions.scala:318)&#13;
	at quickcheck.QuickCheckSuite.newAssertionFailedException(QuickCheckSuite.scala:18)&#13;
	at org.scalatest.Assertions$class.assert(Assertions.scala:337)&#13;
	at quickcheck.QuickCheckSuite.assert(QuickCheckSuite.scala:18)&#13;
	at quickcheck.QuickCheckSuite.checkBogus(QuickCheckSuite.scala:27)&#13;
	at quickcheck.QuickCheckSuite$$anonfun$6.apply$mcV$sp(QuickCheckSuite.scala:51)&#13;
	at quickcheck.QuickCheckSuite$$anonfun$6.apply(QuickCheckSuite.scala:51)&#13;
	at quickcheck.QuickCheckSuite$$anonfun$6.apply(QuickCheckSuite.scala:51)&#13;
	at org.scalatest.FunSuite$$anon$1.apply(FunSuite.scala:1265)&#13;
	at org.scalatest.Suite$class.withFixture(Suite.scala:1974)&#13;
	at quickcheck.QuickCheckSuite.withFixture(QuickCheckSuite.scala:18)&#13;
	at org.scalatest.FunSuite$class.invokeWithFixture$1(FunSuite.scala:1262)&#13;
	at org.scalatest.FunSuite$$anonfun$runTest$1.apply(FunSuite.scala:1271)&#13;
	at org.scalatest.FunSuite$$anonfun$runTest$1.apply(FunSuite.scala:1271)&#13;
	at org.scalatest.SuperEngine.runTestImpl(Engine.scala:198)&#13;
	at org.scalatest.FunSuite$class.runTest(FunSuite.scala:1271)&#13;
	at quickcheck.QuickCheckSuite.runTest(QuickCheckSuite.scala:18)&#13;
	at org.scalatest.FunSuite$$anonfun$runTests$1.apply(FunSuite.scala:1304)&#13;
	at org.scalatest.FunSuite$$anonfun$runTests$1.apply(FunSuite.scala:1304)&#13;
	at org.scalatest.SuperEngine$$anonfun$org$scalatest$SuperEngine$$runTestsInBranch$1.apply(Engine.scala:260)&#13;
	at org.scalatest.SuperEngine$$anonfun$org$scalatest$SuperEngine$$runTestsInBranch$1.apply(Engine.scala:249)&#13;
	at scala.collection.immutable.List.foreach(List.scala:318)&#13;
	at org.scalatest.SuperEngine.org$scalatest$SuperEngine$$runTestsInBranch(Engine.scala:249)&#13;
	at org.scalatest.SuperEngine.runTestsImpl(Engine.scala:326)&#13;
	at org.scalatest.FunSuite$class.runTests(FunSuite.scala:1304)&#13;
	at quickcheck.QuickCheckSuite.runTests(QuickCheckSuite.scala:18)&#13;
	at org.scalatest.Suite$class.run(Suite.scala:2303)&#13;
	at quickcheck.QuickCheckSuite.org$scalatest$FunSuite$$super$run(QuickCheckSuite.scala:18)&#13;
	at org.scalatest.FunSuite$$anonfun$run$1.apply(FunSuite.scala:1310)&#13;
	at org.scalatest.FunSuite$$anonfun$run$1.apply(FunSuite.scala:1310)&#13;
	at org.scalatest.SuperEngine.runImpl(Engine.scala:362)&#13;
	at org.scalatest.FunSuite$class.run(FunSuite.scala:1310)&#13;
	at quickcheck.QuickCheckSuite.run(QuickCheckSuite.scala:18)&#13;
	at org.scalatest.junit.JUnitRunner.run(JUnitRunner.scala:94)&#13;
	at org.eclipse.jdt.internal.junit4.runner.JUnit4TestReference.run(JUnit4TestReference.java:50)&#13;
	at org.eclipse.jdt.internal.junit.runner.TestExecution.run(TestExecution.java:38)&#13;
	at org.eclipse.jdt.internal.junit.runner.RemoteTestRunner.runTests(RemoteTestRunner.java:467)&#13;
	at org.eclipse.jdt.internal.junit.runner.RemoteTestRunner.runTests(RemoteTestRunner.java:683)&#13;
	at org.eclipse.jdt.internal.junit.runner.RemoteTestRunner.run(RemoteTestRunner.java:390)&#13;
	at org.eclipse.jdt.internal.junit.runner.RemoteTestRunner.main(RemoteTestRunner.java:197)&#13;
&#13;
</error>
    </testcase>
  </testsuite>
</testrun>
