<?xml version="1.0" encoding="UTF-8"?><testrun name="quickcheck" project="quickcheck" tests="6" started="6" failures="0" errors="1" ignored="0">
  <testsuite name="quickcheck.QuickCheckSuite" time="0.173">
    <testcase name="Binomial heap satisfies properties." classname="quickcheck.QuickCheckSuite" time="0.106">
      <error>org.scalatest.exceptions.GeneratorDrivenPropertyCheckFailedException: GeneratorDrivenPropertyCheckFailedException was thrown during property evaluation.
 (QuickCheckSuite.scala:31)
  Falsified after 0 successful property evaluations.
  Location: (QuickCheckSuite.scala:31)
  Occurred when passed generated values (
    arg0 = 0 // 1 shrink
  )&#13;
	at org.scalatest.prop.Checkers$.doCheck(Checkers.scala:402)&#13;
	at org.scalatest.prop.Checkers$class.check(Checkers.scala:346)&#13;
	at quickcheck.QuickCheckSuite.check(QuickCheckSuite.scala:18)&#13;
	at org.scalatest.prop.Checkers$class.check(Checkers.scala:357)&#13;
	at quickcheck.QuickCheckSuite.check(QuickCheckSuite.scala:18)&#13;
	at quickcheck.QuickCheckSuite$$anonfun$1.apply$mcV$sp(QuickCheckSuite.scala:31)&#13;
	at quickcheck.QuickCheckSuite$$anonfun$1.apply(QuickCheckSuite.scala:31)&#13;
	at quickcheck.QuickCheckSuite$$anonfun$1.apply(QuickCheckSuite.scala:31)&#13;
	at org.scalatest.FunSuite$$anon$1.apply(FunSuite.scala:1265)&#13;
	at org.scalatest.Suite$class.withFixture(Suite.scala:1974)&#13;
	at quickcheck.QuickCheckSuite.withFixture(QuickCheckSuite.scala:18)&#13;
	at org.scalatest.FunSuite$class.invokeWithFixture$1(FunSuite.scala:1262)&#13;
	at org.scalatest.FunSuite$$anonfun$runTest$1.apply(FunSuite.scala:1271)&#13;
	at org.scalatest.FunSuite$$anonfun$runTest$1.apply(FunSuite.scala:1271)&#13;
	at org.scalatest.SuperEngine.runTestImpl(Engine.scala:198)&#13;
	at org.scalatest.FunSuite$class.runTest(FunSuite.scala:1271)&#13;
	at quickcheck.QuickCheckSuite.runTest(QuickCheckSuite.scala:18)&#13;
	at org.scalatest.FunSuite$$anonfun$runTests$1.apply(FunSuite.scala:1304)&#13;
	at org.scalatest.FunSuite$$anonfun$runTests$1.apply(FunSuite.scala:1304)&#13;
	at org.scalatest.SuperEngine$$anonfun$org$scalatest$SuperEngine$$runTestsInBranch$1.apply(Engine.scala:260)&#13;
	at org.scalatest.SuperEngine$$anonfun$org$scalatest$SuperEngine$$runTestsInBranch$1.apply(Engine.scala:249)&#13;
	at scala.collection.immutable.List.foreach(List.scala:318)&#13;
	at org.scalatest.SuperEngine.org$scalatest$SuperEngine$$runTestsInBranch(Engine.scala:249)&#13;
	at org.scalatest.SuperEngine.runTestsImpl(Engine.scala:326)&#13;
	at org.scalatest.FunSuite$class.runTests(FunSuite.scala:1304)&#13;
	at quickcheck.QuickCheckSuite.runTests(QuickCheckSuite.scala:18)&#13;
	at org.scalatest.Suite$class.run(Suite.scala:2303)&#13;
	at quickcheck.QuickCheckSuite.org$scalatest$FunSuite$$super$run(QuickCheckSuite.scala:18)&#13;
	at org.scalatest.FunSuite$$anonfun$run$1.apply(FunSuite.scala:1310)&#13;
	at org.scalatest.FunSuite$$anonfun$run$1.apply(FunSuite.scala:1310)&#13;
	at org.scalatest.SuperEngine.runImpl(Engine.scala:362)&#13;
	at org.scalatest.FunSuite$class.run(FunSuite.scala:1310)&#13;
	at quickcheck.QuickCheckSuite.run(QuickCheckSuite.scala:18)&#13;
	at org.scalatest.junit.JUnitRunner.run(JUnitRunner.scala:94)&#13;
	at org.eclipse.jdt.internal.junit4.runner.JUnit4TestReference.run(JUnit4TestReference.java:50)&#13;
	at org.eclipse.jdt.internal.junit.runner.TestExecution.run(TestExecution.java:38)&#13;
	at org.eclipse.jdt.internal.junit.runner.RemoteTestRunner.runTests(RemoteTestRunner.java:467)&#13;
	at org.eclipse.jdt.internal.junit.runner.RemoteTestRunner.runTests(RemoteTestRunner.java:683)&#13;
	at org.eclipse.jdt.internal.junit.runner.RemoteTestRunner.run(RemoteTestRunner.java:390)&#13;
	at org.eclipse.jdt.internal.junit.runner.RemoteTestRunner.main(RemoteTestRunner.java:197)&#13;
&#13;
</error>
    </testcase>
    <testcase name="Bogus 1 binomial heap does not satisfy properties." classname="quickcheck.QuickCheckSuite" time="0.005"/>
    <testcase name="Bogus 2 binomial heap does not satisfy properties." classname="quickcheck.QuickCheckSuite" time="0.011"/>
    <testcase name="Bogus 3 binomial heap does not satisfy properties." classname="quickcheck.QuickCheckSuite" time="0.003"/>
    <testcase name="Bogus 4 binomial heap does not satisfy properties." classname="quickcheck.QuickCheckSuite" time="0.003"/>
    <testcase name="Bogus 5 binomial heap does not satisfy properties." classname="quickcheck.QuickCheckSuite" time="0.043"/>
  </testsuite>
</testrun>
